--- Terminal on /dev/ttyUSB0 | 115200 8-N-1
--- Available filters and text transformations: colorize, debug, default, direct, esp32_exception_decoder, hexlify, log2file, nocontrol, printable, send_on_enter, time
--- More details at https://bit.ly/pio-monitor-filters
--- Quit: Ctrl+C | Menu: Ctrl+T | Help: Ctrl+T followed by Ctrl+H
distanceToGo: 0, currentPosition: 0
distanceToGo: 0, currentPosition: 0
distanceToGo: 0, currentPosition: 0
distanceToGo: 0, currentPosition: 0
distanceToGo: 0, currentPosition: 0
distanceToGo: 0, currentPosition: 0
distanceToGo: 0, currentPosition: 0
distanceToGo: 0, currentPosition: 0
distanceToGo: 0, currentPosition: 0
distanceToGo: 0, currentPosition: 0
distanceToGo: 0, currentPosition: 0
distanceToGo: 0, currentPosition: 0
distanceToGo: 0, currentPosition: 0
distanceToGo: 0, currentPosition: 0
distanceToGo: 0, currentPosition: 0
distanceToGo: 0, currentPosition: 0
distanceToGo: 0, currentPosition: 0
distanceToGo: 0, currentPosition: 0
distanceToGo: 0, currentPosition: 0
distanceToGo: 0, currentPosition: 0
distanceToGo: 0, currentPosition: 0
distanceToGo: 0, currentPosition: 0
distanceToGo: 0, currentPosition: 0
distanceToGo: 0, currentPosition: 0
distanceToGo: 0, currentPosition: 0
distanceToGo: 0, currentPosition: 0
distanceToGo: 0, currentPosition: 0
distanceToGo: 0, currentPosition: 0
distanceToGo: 0, currentPosition: 0
distanceToGo: 0, currentPosition: 0
distanceToGo: 0, currentPosition: 0
distanceToGo: 0, currentPosition: 0
distanceToGo: 0, currentPosition: 0
distanceToGo: 0, currentPosition: 0
distanceToGo: 0, currentPosition: 0
distanceToGo: 0, currentPosition: 0
distanceToGo: 0, currentPosition: 0
distanceToGo: 0, currentPosition: 0
distanceToGo: 0, currentPosition: 0
distanceToGo: 0, currentPosition: 0
distanceToGo: 0, currentPosition: 0
distanceToGo: 0, currentPosition: 0
distanceToGo: 0, currentPosition: 0
distanceToGo: 0, currentPosition: 0
distanceToGo: 0, currentPosition: 0
distanceToGo: 0, currentPosition: 0
distanceToGo: 0, currentPosition: 0
distanceToGo: 0, currentPosition: 0
distanceToGo: 0, currentPosition: 0
distanceToGo: 0, currentPosition: 0
distanceToGo: 0, currentPosition: 0
distanceToGo: 0, currentPosition: 0
distanceToGo: 0, currentPosition: 0
distanceToGo: 0, currentPosition: 0
distanceToGo: 0, currentPosition: 0
distanceToGo: 0, currentPosition: 0
distanceToGo: 0, currentPosition: 0
distanceToGo: 0, currentPosition: 0
distanceToGo: 0, currentPosition: 0
distanceToGo: 0, currentPosition: 0
distanceToGo: 0, currentPosition: 0
distanceToGo: 0, currentPosition: 0
distanceToGo: 0, currentPosition: 0
distanceToGo: 0, currentPosition: 0
distanceToGo: 0, currentPosition: 0
distanceToGo: 0, currentPosition: 0
distanceToGo: 0, currentPosition: 0
distanceToGo: 0, currentPosition: 0
distanceToGo: 0, currentPosition: 0
distanceToGo: 0, currentPosition: 0
distanceToGo: 0, currentPosition: 0
distanceToGo: 0, currentPosition: 0
distanceToGo: 0, currentPosition: 0
distanceToGo: 0, currentPosition: 0
distanceToGo: 0, currentPosition: 0
distanceToGo: 0, currentPosition: 0
distanceToGo: 0, currentPosition: 0
distanceToGo: 0, currentPosition: 0
distanceToGo: 0, currentPosition: 0
distanceToGo: 0, currentPosition: 0
distanceToGo: 0, currentPosition: 0
distanceToGo: 0, currentPosition: 0
distanceToGo: 0, currentPosition: 0
distanceToGo: 0, currentPosition: 0
distanceToGo: 0, currentPosition: 0
distanceToGo: 0, currentPosition: 0
distanceToGo: 0, currentPosition: 0
distanceToGo: 0, currentPosition: 0
distanceToGo: 0, currentPosition: 0
distanceToGo: 0, currentPosition: 0
distanceToGo: 0, currentPosition: 0
distanceToGo: 0, currentPosition: 0
distanceToGo: 0, currentPosition: 0
distanceToGo: 0, currentPosition: 0
distanceToGo: 0, currentPosition: 0
distanceToGo: 0, currentPosition: 0
distanceToGo: 0, currentPosition: 0
distanceToGo: 0, currentPosition: 0
distanceToGo: 0, currentPosition: 0
distanceToGo: 0, currentPosition: 0
distanceToGo: 0, currentPosition: 0
distanceToGo: 0, currentPosition: 0
distanceToGo: 0, currentPosition: 0
distanceToGo: 0, currentPosition: 0
distanceToGo: 0, currentPosition: 0
distanceToGo: 0, currentPosition: 0
distanceToGo: 0, currentPosition: 0
distanceToGo: 0, currentPosition: 0
distanceToGo: 0, currentPosition: 0
distanceToGo: 0, currentPosition: 0
distanceToGo: 0, currentPosition: 0
distanceToGo: 0, currentPosition: 0
distanceToGo: 0, currentPosition: 0
***onConnect***
distanceToGo: 0, currentPosition: 0
--- Exit: BleManager -> ADVERTISING ---
--- Enter: BleManager -> CONNECTED ---
distanceToGo: 0, currentPosition: 0
distanceToGo: 0, currentPosition: 0
distanceToGo: 0, currentPosition: 0
distanceToGo: 0, currentPosition: 0
distanceToGo: 0, currentPosition: 0
distanceToGo: 0, currentPosition: 0
distanceToGo: 0, currentPosition: 0
distanceToGo: 0, currentPosition: 0
distanceToGo: 0, currentPosition: 0
distanceToGo: 0, currentPosition: 0
distanceToGo: 0, currentPosition: 0
distanceToGo: 0, currentPosition: 0
distanceToGo: 0, currentPosition: 0
distanceToGo: 0, currentPosition: 0
distanceToGo: 0, currentPosition: 0
distanceToGo: 0, currentPosition: 0
distanceToGo: 0, currentPosition: 0
distanceToGo: 0, currentPosition: 0
distanceToGo: 0, currentPosition: 0
distanceToGo: 0, currentPosition: 0
-- Received Msg: manualDrive --
>>>>>>>> MotorManager MOTOR_SET_SPEED_CMD >>>>>>>>
distanceToGo: 0, currentPosition: 0
distanceToGo: 0, currentPosition: 0
distanceToGo: 0, currentPosition: 0
distanceToGo: 0, currentPosition: 0
distanceToGo: 0, currentPosition: 0
distanceToGo: 0, currentPosition: 0
distanceToGo: 0, currentPosition: 0
distanceToGo: 0, currentPosition: 0
distanceToGo: 0, currentPosition: 0
-- Received Msg: manualDrive --
>>>>>>>> MotorManager MOTOR_SET_SPEED_CMD >>>>>>>>
distanceToGo: 0, currentPosition: 0
distanceToGo: 0, currentPosition: 0
distanceToGo: 0, currentPosition: 0
distanceToGo: 0, currentPosition: 0
distanceToGo: 0, currentPosition: 0
distanceToGo: 0, currentPosition: 0
distanceToGo: 0, currentPosition: 0
distanceToGo: 0, currentPosition: 0
distanceToGo: 0, currentPosition: 0
distanceToGo: 0, currentPosition: 0
distanceToGo: 0, currentPosition: 0
distanceToGo: 0, currentPosition: 0
distanceToGo: 0, currentPosition: 0
distanceToGo: 0, currentPosition: 0
distanceToGo: 0, currentPosition: 0
distanceToGo: 0, currentPosition: 0
distanceToGo: 0, currentPosition: 0
distanceToGo: 0, currentPosition: 0
distanceToGo: 0, currentPosition: 0
distanceToGo: 0, currentPosition: 0
distanceToGo: 0, currentPosition: 0
distanceToGo: 0, currentPosition: 0
distanceToGo: 0, currentPosition: 0
distanceToGo: 0, currentPosition: 0
distanceToGo: 0, currentPosition: 0
distanceToGo: 0, currentPosition: 0
distanceToGo: 0, currentPosition: 0
distanceToGo: 0, currentPosition: 0
distanceToGo: 0, currentPosition: 0
distanceToGo: 0, currentPosition: 0
distanceToGo: 0, currentPosition: 0
distanceToGo: 0, currentPosition: 0
distanceToGo: 0, currentPosition: 0
distanceToGo: 0, currentPosition: 0
distanceToGo: 0, currentPosition: 0
distanceToGo: 0, currentPosition: 0
distanceToGo: 0, currentPosition: 0
distanceToGo: 0, currentPosition: 0
distanceToGo: 0, currentPosition: 0
distanceToGo: 0, currentPosition: 0
distanceToGo: 0, currentPosition: 0
distanceToGo: 0, currentPosition: 0
distanceToGo: 0, currentPosition: 0
distanceToGo: 0, currentPosition: 0
distanceToGo: 0, currentPosition: 0
distanceToGo: 0, currentPosition: 0
distanceToGo: 0, currentPosition: 0
distanceToGo: 0, currentPosition: 0
distanceToGo: 0, currentPosition: 0
distanceToGo: 0, currentPosition: 0
distanceToGo: 0, currentPosition: 0
distanceToGo: 0, currentPosition: 0
distanceToGo: 0, currentPosition: 0
distanceToGo: 0, currentPosition: 0
distanceToGo: 0, currentPosition: 0
distanceToGo: 0, currentPosition: 0
distanceToGo: 0, currentPosition: 0
distanceToGo: 0, currentPosition: 0
distanceToGo: 0, currentPosition: 0
distanceToGo: 0, currentPosition: 0
distanceToGo: 0, currentPosition: 0
distanceToGo: 0, currentPosition: 0
distanceToGo: 0, currentPosition: 0
distanceToGo: 0, currentPosition: 0
distanceToGo: 0, currentPosition: 0
distanceToGo: 0, currentPosition: 0
distanceToGo: 0, currentPosition: 0
distanceToGo: 0, currentPosition: 0
distanceToGo: 0, currentPosition: 0
distanceToGo: 0, currentPosition: 0
distanceToGo: 0, currentPosition: 0
distanceToGo: 0, currentPosition: 0
distanceToGo: 0, currentPosition: 0
distanceToGo: 0, currentPosition: 0
distanceToGo: 0, currentPosition: 0
distanceToGo: 0, currentPosition: 0
distanceToGo: 0, currentPosition: 0
distanceToGo: 0, currentPosition: 0
distanceToGo: 0, currentPosition: 0
distanceToGo: 0, currentPosition: 0
distanceToGo: 0, currentPosition: 0
distanceToGo: 0, currentPosition: 0
distanceToGo: 0, currentPosition: 0
distanceToGo: 0, currentPosition: 0
distanceToGo: 0, currentPosition: 0
distanceToGo: 0, currentPosition: 0
distanceToGo: 0, currentPosition: 0
distanceToGo: 0, currentPosition: 0
distanceToGo: 0, currentPosition: 0
distanceToGo: 0, currentPosition: 0
distanceToGo: 0, currentPosition: 0
distanceToGo: 0, currentPosition: 0
distanceToGo: 0, currentPosition: 0
distanceToGo: 0, currentPosition: 0
distanceToGo: 0, currentPosition: 0
distanceToGo: 0, currentPosition: 0
distanceToGo: 0, currentPosition: 0
distanceToGo: 0, currentPosition: 0
distanceToGo: 0, currentPosition: 0
distanceToGo: 0, currentPosition: 0
distanceToGo: 0, currentPosition: 0
distanceToGo: 0, currentPosition: 0
distanceToGo: 0, currentPosition: 0
distanceToGo: 0, currentPosition: 0
distanceToGo: 0, currentPosition: 0
distanceToGo: 0, currentPosition: 0
distanceToGo: 0, currentPosition: 0
distanceToGo: 0, currentPosition: 0
distanceToGo: 0, currentPosition: 0
distanceToGo: 0, currentPosition: 0
distanceToGo: 0, currentPosition: 0
distanceToGo: 0, currentPosition: 0
distanceToGo: 0, currentPosition: 0
distanceToGo: 0, currentPosition: 0
distanceToGo: 0, currentPosition: 0
distanceToGo: 0, currentPosition: 0
distanceToGo: 0, currentPosition: 0
distanceToGo: 0, currentPosition: 0
distanceToGo: 0, currentPosition: 0
distanceToGo: 0, currentPosition: 0
distanceToGo: 0, currentPosition: 0
distanceToGo: 0, currentPosition: 0
distanceToGo: 0, currentPosition: 0
distanceToGo: 0, currentPosition: 0
distanceToGo: 0, currentPosition: 0
distanceToGo: 0, currentPosition: 0
distanceToGo: 0, currentPosition: 0
distanceToGo: 0, currentPosition: 0
distanceToGo: 0, currentPosition: 0
distanceToGo: 0, currentPosition: 0
distanceToGo: 0, currentPosition: 0
distanceToGo: 0, currentPosition: 0
distanceToGo: 0, currentPosition: 0
distanceToGo: 0, currentPosition: 0
distanceToGo: 0, currentPosition: 0
distanceToGo: 0, currentPosition: 0
distanceToGo: 0, currentPosition: 0
distanceToGo: 0, currentPosition: 0
distanceToGo: 0, currentPosition: 0
distanceToGo: 0, currentPosition: 0
distanceToGo: 0, currentPosition: 0
distanceToGo: 0, currentPosition: 0
distanceToGo: 0, currentPosition: 0
distanceToGo: 0, currentPosition: 0
distanceToGo: 0, currentPosition: 0
distanceToGo: 0, currentPosition: 0
distanceToGo: 0, currentPosition: 0
distanceToGo: 0, currentPosition: 0
distanceToGo: 0, currentPosition: 0
distanceToGo: 0, currentPosition: 0
distanceToGo: 0, currentPosition: 0
distanceToGo: 0, currentPosition: 0
distanceToGo: 0, currentPosition: 0
distanceToGo: 0, currentPosition: 0
distanceToGo: 0, currentPosition: 0
distanceToGo: 0, currentPosition: 0
distanceToGo: 0, currentPosition: 0
distanceToGo: 0, currentPosition: 0
distanceToGo: 0, currentPosition: 0
distanceToGo: 0, currentPosition: 0
distanceToGo: 0, currentPosition: 0
distanceToGo: 0, currentPosition: 0
distanceToGo: 0, currentPosition: 0
distanceToGo: 0, currentPosition: 0
distanceToGo: 0, currentPosition: 0
distanceToGo: 0, currentPosition: 0
distanceToGo: 0, currentPosition: 0
distanceToGo: 0, currentPosition: 0
distanceToGo: 0, currentPosition: 0
distanceToGo: 0, currentPosition: 0
distanceToGo: 0, currentPosition: 0
distanceToGo: 0, currentPosition: 0
distanceToGo: 0, currentPosition: 0
distanceToGo: 0, currentPosition: 0
distanceToGo: 0, currentPosition: 0
distanceToGo: 0, currentPosition: 0
distanceToGo: 0, currentPosition: 0
distanceToGo: 0, currentPosition: 0
distanceToGo: 0, currentPosition: 0
distanceToGo: 0, currentPosition: 0
distanceToGo: 0, currentPosition: 0
distanceToGo: 0, currentPosition: 0
distanceToGo: 0, currentPosition: 0
distanceToGo: 0, currentPosition: 0
distanceToGo: 0, currentPosition: 0
distanceToGo: 0, currentPosition: 0
distanceToGo: 0, currentPosition: 0
distanceToGo: 0, currentPosition: 0
distanceToGo: 0, currentPosition: 0
distanceToGo: 0, currentPosition: 0
distanceToGo: 0, currentPosition: 0
distanceToGo: 0, currentPosition: 0
distanceToGo: 0, currentPosition: 0
distanceToGo: 0, currentPosition: 0
distanceToGo: 0, currentPosition: 0
distanceToGo: 0, currentPosition: 0
distanceToGo: 0, currentPosition: 0
distanceToGo: 0, currentPosition: 0
distanceToGo: 0, currentPosition: 0
distanceToGo: 0, currentPosition: 0
distanceToGo: 0, currentPosition: 0
distanceToGo: 0, currentPosition: 0
distanceToGo: 0, currentPosition: 0
distanceToGo: 0, currentPosition: 0
distanceToGo: 0, currentPosition: 0
distanceToGo: 0, currentPosition: 0
distanceToGo: 0, currentPosition: 0
distanceToGo: 0, currentPosition: 0
distanceToGo: 0, currentPosition: 0
distanceToGo: 0, currentPosition: 0
distanceToGo: 0, currentPosition: 0
distanceToGo: 0, currentPosition: 0
distanceToGo: 0, currentPosition: 0
distanceToGo: 0, currentPosition: 0
distanceToGo: 0, currentPosition: 0
distanceToGo: 0, currentPosition: 0
distanceToGo: 0, currentPosition: 0
distanceToGo: 0, currentPosition: 0
distanceToGo: 0, currentPosition: 0
distanceToGo: 0, currentPosition: 0
distanceToGo: 0, currentPosition: 0
distanceToGo: 0, currentPosition: 0
distanceToGo: 0, currentPosition: 0
distanceToGo: 0, currentPosition: 0
distanceToGo: 0, currentPosition: 0
distanceToGo: 0, currentPosition: 0
distanceToGo: 0, currentPosition: 0
distanceToGo: 0, currentPosition: 0
distanceToGo: 0, currentPosition: 0
distanceToGo: 0, currentPosition: 0
distanceToGo: 0, currentPosition: 0
distanceToGo: 0, currentPosition: 0
distanceToGo: 0, currentPosition: 0
distanceToGo: 0, currentPosition: 0
distanceToGo: 0, currentPosition: 0
distanceToGo: 0, currentPosition: 0
distanceToGo: 0, currentPosition: 0
distanceToGo: 0, currentPosition: 0
distanceToGo: 0, currentPosition: 0
distanceToGo: 0, currentPosition: 0
distanceToGo: 0, currentPosition: 0
distanceToGo: 0, currentPosition: 0
distanceToGo: 0, currentPosition: 0
distanceToGo: 0, currentPosition: 0
distanceToGo: 0, currentPosition: 0
distanceToGo: 0, currentPosition: 0
distanceToGo: 0, currentPosition: 0
distanceToGo: 0, currentPosition: 0
distanceToGo: 0, currentPosition: 0
distanceToGo: 0, currentPosition: 0
distanceToGo: 0, currentPosition: 0
distanceToGo: 0, currentPosition: 0
distanceToGo: 0, currentPosition: 0
distanceToGo: 0, currentPosition: 0
distanceToGo: 0, currentPosition: 0
distanceToGo: 0, currentPosition: 0
distanceToGo: 0, currentPosition: 0
distanceToGo: 0, currentPosition: 0
distanceToGo: 0, currentPosition: 0
distanceToGo: 0, currentPosition: 0
distanceToGo: 0, currentPosition: 0
distanceToGo: 0, currentPosition: 0
distanceToGo: 0, currentPosition: 0
distanceToGo: 0, currentPosition: 0
distanceToGo: 0, currentPosition: 0
distanceToGo: 0, currentPosition: 0
distanceToGo: 0, currentPosition: 0
distanceToGo: 0, currentPosition: 0
distanceToGo: 0, currentPosition: 0
distanceToGo: 0, currentPosition: 0
distanceToGo: 0, currentPosition: 0
distanceToGo: 0, currentPosition: 0
distanceToGo: 0, currentPosition: 0
distanceToGo: 0, currentPosition: 0
distanceToGo: 0, currentPosition: 0
distanceToGo: 0, currentPosition: 0
distanceToGo: 0, currentPosition: 0
distanceToGo: 0, currentPosition: 0
distanceToGo: 0, currentPosition: 0
distanceToGo: 0, currentPosition: 0
distanceToGo: 0, currentPosition: 0
distanceToGo: 0, currentPosition: 0
distanceToGo: 0, currentPosition: 0
distanceToGo: 0, currentPosition: 0
distanceToGo: 0, currentPosition: 0
distanceToGo: 0, currentPosition: 0
distanceToGo: 0, currentPosition: 0
distanceToGo: 0, currentPosition: 0
distanceToGo: 0, currentPosition: 0
distanceToGo: 0, currentPosition: 0
distanceToGo: 0, currentPosition: 0
distanceToGo: 0, currentPosition: 0
distanceToGo: 0, currentPosition: 0
distanceToGo: 0, currentPosition: 0
distanceToGo: 0, currentPosition: 0
distanceToGo: 0, currentPosition: 0
distanceToGo: 0, currentPosition: 0
distanceToGo: 0, currentPosition: 0
distanceToGo: 0, currentPosition: 0
distanceToGo: 0, currentPosition: 0
distanceToGo: 0, currentPosition: 0
distanceToGo: 0, currentPosition: 0
distanceToGo: 0, currentPosition: 0
distanceToGo: 0, currentPosition: 0
distanceToGo: 0, currentPosition: 0
distanceToGo: 0, currentPosition: 0
distanceToGo: 0, currentPosition: 0
distanceToGo: 0, currentPosition: 0
distanceToGo: 0, currentPosition: 0
distanceToGo: 0, currentPosition: 0
distanceToGo: 0, currentPosition: 0
distanceToGo: 0, currentPosition: 0
distanceToGo: 0, currentPosition: 0
distanceToGo: 0, currentPosition: 0
distanceToGo: 0, currentPosition: 0
distanceToGo: 0, currentPosition: 0
distanceToGo: 0, currentPosition: 0
distanceToGo: 0, currentPosition: 0
distanceToGo: 0, currentPosition: 0
distanceToGo: 0, currentPosition: 0
distanceToGo: 0, currentPosition: 0
distanceToGo: 0, currentPosition: 0
distanceToGo: 0, currentPosition: 0
distanceToGo: 0, currentPosition: 0
distanceToGo: 0, currentPosition: 0
distanceToGo: 0, currentPosition: 0
distanceToGo: 0, currentPosition: 0
distanceToGo: 0, currentPosition: 0
distanceToGo: 0, currentPosition: 0
distanceToGo: 0, currentPosition: 0
distanceToGo: 0, currentPosition: 0
distanceToGo: 0, currentPosition: 0
distanceToGo: 0, currentPosition: 0
distanceToGo: 0, currentPosition: 0
distanceToGo: 0, currentPosition: 0
distanceToGo: 0, currentPosition: 0
distanceToGo: 0, currentPosition: 0
distanceToGo: 0, currentPosition: 0
distanceToGo: 0, currentPosition: 0
-- Received Msg: startProgramming --
distanceToGo: 0, currentPosition: 0
distanceToGo: 0, currentPosition: 0
distanceToGo: 0, currentPosition: 0
distanceToGo: 0, currentPosition: 0
distanceToGo: 0, currentPosition: 0
distanceToGo: 0, currentPosition: 0
distanceToGo: 0, currentPosition: 0
distanceToGo: 0, currentPosition: 0
distanceToGo: 0, currentPosition: 0
distanceToGo: 0, currentPosition: 0
distanceToGo: 0, currentPosition: 0
distanceToGo: 0, currentPosition: 0
distanceToGo: 0, currentPosition: 0
distanceToGo: 0, currentPosition: 0
distanceToGo: 0, currentPosition: 0
distanceToGo: 0, currentPosition: 0
distanceToGo: 0, currentPosition: 0
distanceToGo: 0, currentPosition: 0
distanceToGo: 0, currentPosition: 0
distanceToGo: 0, currentPosition: 0
distanceToGo: 0, currentPosition: 0
distanceToGo: 0, currentPosition: 0
distanceToGo: 0, currentPosition: 0
distanceToGo: 0, currentPosition: 0
distanceToGo: 0, currentPosition: 0
distanceToGo: 0, currentPosition: 0
distanceToGo: 0, currentPosition: 0
distanceToGo: 0, currentPosition: 0
distanceToGo: 0, currentPosition: 0
distanceToGo: 0, currentPosition: 0
distanceToGo: 0, currentPosition: 0
distanceToGo: 0, currentPosition: 0
distanceToGo: 0, currentPosition: 0
distanceToGo: 0, currentPosition: 0
distanceToGo: 0, currentPosition: 0
distanceToGo: 0, currentPosition: 0
distanceToGo: 0, currentPosition: 0
distanceToGo: 0, currentPosition: 0
distanceToGo: 0, currentPosition: 0
distanceToGo: 0, currentPosition: 0
distanceToGo: 0, currentPosition: 0
distanceToGo: 0, currentPosition: 0
distanceToGo: 0, currentPosition: 0
distanceToGo: 0, currentPosition: 0
distanceToGo: 0, currentPosition: 0
distanceToGo: 0, currentPosition: 0
distanceToGo: 0, currentPosition: 0
distanceToGo: 0, currentPosition: 0
distanceToGo: 0, currentPosition: 0
distanceToGo: 0, currentPosition: 0
distanceToGo: 0, currentPosition: 0
distanceToGo: 0, currentPosition: 0
distanceToGo: 0, currentPosition: 0
distanceToGo: 0, currentPosition: 0
distanceToGo: 0, currentPosition: 0
distanceToGo: 0, currentPosition: 0
distanceToGo: 0, currentPosition: 0
distanceToGo: 0, currentPosition: 0
distanceToGo: 0, currentPosition: 0
distanceToGo: 0, currentPosition: 0
distanceToGo: 0, currentPosition: 0
distanceToGo: 0, currentPosition: 0
distanceToGo: 0, currentPosition: 0
distanceToGo: 0, currentPosition: 0
distanceToGo: 0, currentPosition: 0
distanceToGo: 0, currentPosition: 0
distanceToGo: 0, currentPosition: 0
distanceToGo: 0, currentPosition: 0
distanceToGo: 0, currentPosition: 0
distanceToGo: 0, currentPosition: 0
distanceToGo: 0, currentPosition: 0
distanceToGo: 0, currentPosition: 0
distanceToGo: 0, currentPosition: 0
distanceToGo: 0, currentPosition: 0
distanceToGo: 0, currentPosition: 0
distanceToGo: 0, currentPosition: 0
distanceToGo: 0, currentPosition: 0
distanceToGo: 0, currentPosition: 0
distanceToGo: 0, currentPosition: 0
distanceToGo: 0, currentPosition: 0
distanceToGo: 0, currentPosition: 0
distanceToGo: 0, currentPosition: 0
distanceToGo: 0, currentPosition: 0
distanceToGo: 0, currentPosition: 0
distanceToGo: 0, currentPosition: 0
distanceToGo: 0, currentPosition: 0
distanceToGo: 0, currentPosition: 0
-- Received Msg: startProgramming --
distanceToGo: 0, currentPosition: 0
distanceToGo: 0, currentPosition: 0
distanceToGo: 0, currentPosition: 0
distanceToGo: 0, currentPosition: 0
distanceToGo: 0, currentPosition: 0
distanceToGo: 0, currentPosition: 0
distanceToGo: 0, currentPosition: 0
distanceToGo: 0, currentPosition: 0
distanceToGo: 0, currentPosition: 0
ELSE
distanceToGo: 0, currentPosition: 0
distanceToGo: 0, currentPosition: 0
distanceToGo: 0, currentPosition: 0
distanceToGo: 0, currentPosition: 0
distanceToGo: 0, currentPosition: 0
distanceToGo: 0, currentPosition: 0
distanceToGo: 0, currentPosition: 0
distanceToGo: 0, currentPosition: 0
distanceToGo: 0, currentPosition: 0
distanceToGo: 0, currentPosition: 0
distanceToGo: 0, currentPosition: 0
distanceToGo: 0, currentPosition: 0
distanceToGo: 0, currentPosition: 0
distanceToGo: 0, currentPosition: 0
distanceToGo: 0, currentPosition: 0
distanceToGo: 0, currentPosition: 0
distanceToGo: 0, currentPosition: 0
distanceToGo: 0, currentPosition: 0
distanceToGo: 0, currentPosition: 0
distanceToGo: 0, currentPosition: 0
distanceToGo: 0, currentPosition: 0
distanceToGo: 0, currentPosition: 0
distanceToGo: 0, currentPosition: 0
distanceToGo: 0, currentPosition: 0
distanceToGo: 0, currentPosition: 0
distanceToGo: 0, currentPosition: 0
distanceToGo: 0, currentPosition: 0
distanceToGo: 0, currentPosition: 0
distanceToGo: 0, currentPosition: 0
-- Received Msg: manualDrive --
>>>>>>>> MotorManager MOTOR_SET_SPEED_CMD >>>>>>>>
distanceToGo: -1, currentPosition: 1
distanceToGo: -2, currentPosition: 2
distanceToGo: -3, currentPosition: 3
distanceToGo: -4, currentPosition: 4
distanceToGo: -5, currentPosition: 5
distanceToGo: -6, currentPosition: 6
distanceToGo: -7, currentPosition: 7
distanceToGo: -8, currentPosition: 8
distanceToGo: -9, currentPosition: 9
distanceToGo: -10, currentPosition: 10
-- Received Msg: manualDrive --
>>>>>>>> MotorManager MOTOR_SET_SPEED_CMD >>>>>>>>
distanceToGo: -11, currentPosition: 11
distanceToGo: -12, currentPosition: 12
distanceToGo: -13, currentPosition: 13
distanceToGo: -14, currentPosition: 14
distanceToGo: -15, currentPosition: 15
distanceToGo: -16, currentPosition: 16
distanceToGo: -17, currentPosition: 17
distanceToGo: -18, currentPosition: 18
distanceToGo: -19, currentPosition: 19
distanceToGo: -20, currentPosition: 20
-- Received Msg: manualDrive --
>>>>>>>> MotorManager MOTOR_SET_SPEED_CMD >>>>>>>>
distanceToGo: -20, currentPosition: 20
distanceToGo: -20, currentPosition: 20
distanceToGo: -20, currentPosition: 20
distanceToGo: -20, currentPosition: 20
distanceToGo: -20, currentPosition: 20
distanceToGo: -20, currentPosition: 20
distanceToGo: -20, currentPosition: 20
distanceToGo: -20, currentPosition: 20
distanceToGo: -20, currentPosition: 20
-- Received Msg: manualDrive --
>>>>>>>> MotorManager MOTOR_SET_SPEED_CMD >>>>>>>>
distanceToGo: -20, currentPosition: 20
distanceToGo: -20, currentPosition: 20
distanceToGo: -20, currentPosition: 20
distanceToGo: -20, currentPosition: 20
distanceToGo: -20, currentPosition: 20
distanceToGo: -20, currentPosition: 20
distanceToGo: -20, currentPosition: 20
distanceToGo: -20, currentPosition: 20
distanceToGo: -20, currentPosition: 20
distanceToGo: -20, currentPosition: 20
distanceToGo: -20, currentPosition: 20
distanceToGo: -20, currentPosition: 20
distanceToGo: -20, currentPosition: 20
distanceToGo: -20, currentPosition: 20
distanceToGo: -20, currentPosition: 20
distanceToGo: -20, currentPosition: 20
distanceToGo: -20, currentPosition: 20
distanceToGo: -20, currentPosition: 20
distanceToGo: -20, currentPosition: 20
distanceToGo: -20, currentPosition: 20
distanceToGo: -20, currentPosition: 20
distanceToGo: -20, currentPosition: 20
distanceToGo: -20, currentPosition: 20
distanceToGo: -20, currentPosition: 20
distanceToGo: -20, currentPosition: 20
distanceToGo: -20, currentPosition: 20
distanceToGo: -20, currentPosition: 20
distanceToGo: -20, currentPosition: 20
distanceToGo: -20, currentPosition: 20
distanceToGo: -20, currentPosition: 20
distanceToGo: -20, currentPosition: 20
distanceToGo: -20, currentPosition: 20
distanceToGo: -20, currentPosition: 20
distanceToGo: -20, currentPosition: 20
distanceToGo: -20, currentPosition: 20
distanceToGo: -20, currentPosition: 20
distanceToGo: -20, currentPosition: 20
distanceToGo: -20, currentPosition: 20
distanceToGo: -20, currentPosition: 20
distanceToGo: -20, currentPosition: 20
distanceToGo: -20, currentPosition: 20
distanceToGo: -20, currentPosition: 20
distanceToGo: -20, currentPosition: 20
distanceToGo: -20, currentPosition: 20
distanceToGo: -20, currentPosition: 20
distanceToGo: -20, currentPosition: 20
distanceToGo: -20, currentPosition: 20
distanceToGo: -20, currentPosition: 20
distanceToGo: -20, currentPosition: 20
distanceToGo: -20, currentPosition: 20
distanceToGo: -20, currentPosition: 20
distanceToGo: -20, currentPosition: 20
distanceToGo: -20, currentPosition: 20
distanceToGo: -20, currentPosition: 20
distanceToGo: -20, currentPosition: 20
distanceToGo: -20, currentPosition: 20
distanceToGo: -20, currentPosition: 20
distanceToGo: -20, currentPosition: 20
distanceToGo: -20, currentPosition: 20
-- Received Msg: setA --
distanceToGo: -20, currentPosition: 20
distanceToGo: -20, currentPosition: 20
distanceToGo: -20, currentPosition: 20
distanceToGo: -20, currentPosition: 20
distanceToGo: -20, currentPosition: 20
distanceToGo: -20, currentPosition: 20
distanceToGo: -20, currentPosition: 20
distanceToGo: -20, currentPosition: 20
distanceToGo: -20, currentPosition: 20
ELSE
20
setA done
distanceToGo: -20, currentPosition: 20
distanceToGo: -20, currentPosition: 20
distanceToGo: -20, currentPosition: 20
distanceToGo: -20, currentPosition: 20
distanceToGo: -20, currentPosition: 20
distanceToGo: -20, currentPosition: 20
distanceToGo: -20, currentPosition: 20
distanceToGo: -20, currentPosition: 20
distanceToGo: -20, currentPosition: 20
distanceToGo: -20, currentPosition: 20
distanceToGo: -20, currentPosition: 20
distanceToGo: -20, currentPosition: 20
distanceToGo: -20, currentPosition: 20
distanceToGo: -20, currentPosition: 20
distanceToGo: -20, currentPosition: 20
distanceToGo: -20, currentPosition: 20
distanceToGo: -20, currentPosition: 20
distanceToGo: -20, currentPosition: 20
distanceToGo: -20, currentPosition: 20
distanceToGo: -20, currentPosition: 20
-- Received Msg: manualDrive --
>>>>>>>> MotorManager MOTOR_SET_SPEED_CMD >>>>>>>>
distanceToGo: -21, currentPosition: 21
distanceToGo: -22, currentPosition: 22
distanceToGo: -23, currentPosition: 23
distanceToGo: -24, currentPosition: 24
distanceToGo: -25, currentPosition: 25
distanceToGo: -26, currentPosition: 26
distanceToGo: -27, currentPosition: 27
distanceToGo: -28, currentPosition: 28
distanceToGo: -29, currentPosition: 29
distanceToGo: -30, currentPosition: 30
-- Received Msg: manualDrive --
>>>>>>>> MotorManager MOTOR_SET_SPEED_CMD >>>>>>>>
distanceToGo: -31, currentPosition: 31
distanceToGo: -32, currentPosition: 32
distanceToGo: -33, currentPosition: 33
distanceToGo: -34, currentPosition: 34
distanceToGo: -35, currentPosition: 35
distanceToGo: -36, currentPosition: 36
distanceToGo: -37, currentPosition: 37
distanceToGo: -38, currentPosition: 38
distanceToGo: -39, currentPosition: 39
distanceToGo: -40, currentPosition: 40
distanceToGo: -41, currentPosition: 41
distanceToGo: -42, currentPosition: 42
distanceToGo: -43, currentPosition: 43
distanceToGo: -44, currentPosition: 44
distanceToGo: -45, currentPosition: 45
distanceToGo: -46, currentPosition: 46
distanceToGo: -47, currentPosition: 47
distanceToGo: -48, currentPosition: 48
distanceToGo: -49, currentPosition: 49
-- Received Msg: manualDrive --
>>>>>>>> MotorManager MOTOR_SET_SPEED_CMD >>>>>>>>
distanceToGo: -49, currentPosition: 49
distanceToGo: -49, currentPosition: 49
distanceToGo: -49, currentPosition: 49
distanceToGo: -49, currentPosition: 49
distanceToGo: -49, currentPosition: 49
distanceToGo: -49, currentPosition: 49
distanceToGo: -49, currentPosition: 49
distanceToGo: -49, currentPosition: 49
distanceToGo: -49, currentPosition: 49
distanceToGo: -49, currentPosition: 49
-- Received Msg: manualDrive --
>>>>>>>> MotorManager MOTOR_SET_SPEED_CMD >>>>>>>>
distanceToGo: -49, currentPosition: 49
distanceToGo: -49, currentPosition: 49
distanceToGo: -49, currentPosition: 49
distanceToGo: -49, currentPosition: 49
distanceToGo: -49, currentPosition: 49
distanceToGo: -49, currentPosition: 49
distanceToGo: -49, currentPosition: 49
distanceToGo: -49, currentPosition: 49
distanceToGo: -49, currentPosition: 49
distanceToGo: -49, currentPosition: 49
distanceToGo: -49, currentPosition: 49
distanceToGo: -49, currentPosition: 49
distanceToGo: -49, currentPosition: 49
distanceToGo: -49, currentPosition: 49
distanceToGo: -49, currentPosition: 49
distanceToGo: -49, currentPosition: 49
distanceToGo: -49, currentPosition: 49
distanceToGo: -49, currentPosition: 49
distanceToGo: -49, currentPosition: 49
-- Received Msg: setB --
distanceToGo: -49, currentPosition: 49
distanceToGo: -49, currentPosition: 49
distanceToGo: -49, currentPosition: 49
distanceToGo: -49, currentPosition: 49
distanceToGo: -49, currentPosition: 49
distanceToGo: -49, currentPosition: 49
distanceToGo: -49, currentPosition: 49
distanceToGo: -49, currentPosition: 49
distanceToGo: -49, currentPosition: 49
distanceToGo: -49, currentPosition: 49
ELSE
49
setB done
distanceToGo: -49, currentPosition: 49
distanceToGo: -49, currentPosition: 49
distanceToGo: -49, currentPosition: 49
distanceToGo: -49, currentPosition: 49
distanceToGo: -49, currentPosition: 49
distanceToGo: -49, currentPosition: 49
distanceToGo: -49, currentPosition: 49
distanceToGo: -49, currentPosition: 49
distanceToGo: -49, currentPosition: 49
distanceToGo: -49, currentPosition: 49
distanceToGo: -49, currentPosition: 49
distanceToGo: -49, currentPosition: 49
distanceToGo: -49, currentPosition: 49
distanceToGo: -49, currentPosition: 49
distanceToGo: -49, currentPosition: 49
distanceToGo: -49, currentPosition: 49
distanceToGo: -49, currentPosition: 49
distanceToGo: -49, currentPosition: 49
distanceToGo: -49, currentPosition: 49
distanceToGo: -49, currentPosition: 49
distanceToGo: -49, currentPosition: 49
distanceToGo: -49, currentPosition: 49
distanceToGo: -49, currentPosition: 49
distanceToGo: -49, currentPosition: 49
distanceToGo: -49, currentPosition: 49
distanceToGo: -49, currentPosition: 49
distanceToGo: -49, currentPosition: 49
distanceToGo: -49, currentPosition: 49
distanceToGo: -49, currentPosition: 49
-- Received Msg: setActionData --
distanceToGo: -49, currentPosition: 49
distanceToGo: -49, currentPosition: 49
distanceToGo: -49, currentPosition: 49
distanceToGo: -49, currentPosition: 49
distanceToGo: -49, currentPosition: 49
distanceToGo: -49, currentPosition: 49
distanceToGo: -49, currentPosition: 49
distanceToGo: -49, currentPosition: 49
distanceToGo: -49, currentPosition: 49
set action data
distanceToGo: -49, currentPosition: 49
setActionData done
{"cmd":"SET_ACTION_DATA_CMD","data":{"motor":{"direction":"a2b","pa":20,"pb":49},"capture":{"record_duration":3600,"video_duration":30,"fps":24,"shutter_speed":"1_500"}}}distanceToGo: -49, currentPosition: 49
distanceToGo: -49, currentPosition: 49
distanceToGo: -49, currentPosition: 49
distanceToGo: -49, currentPosition: 49
distanceToGo: -49, currentPosition: 49
distanceToGo: -49, currentPosition: 49
distanceToGo: -49, currentPosition: 49
distanceToGo: -49, currentPosition: 49
distanceToGo: -49, currentPosition: 49
distanceToGo: -49, currentPosition: 49
distanceToGo: -49, currentPosition: 49
distanceToGo: -49, currentPosition: 49
distanceToGo: -49, currentPosition: 49
distanceToGo: -49, currentPosition: 49
distanceToGo: -49, currentPosition: 49
distanceToGo: -49, currentPosition: 49
distanceToGo: -49, currentPosition: 49
distanceToGo: -49, currentPosition: 49
distanceToGo: -49, currentPosition: 49
distanceToGo: -49, currentPosition: 49
distanceToGo: -49, currentPosition: 49
distanceToGo: -49, currentPosition: 49
distanceToGo: -49, currentPosition: 49
distanceToGo: -49, currentPosition: 49
distanceToGo: -49, currentPosition: 49
distanceToGo: -49, currentPosition: 49
distanceToGo: -49, currentPosition: 49
distanceToGo: -49, currentPosition: 49
distanceToGo: -49, currentPosition: 49
-- Received Msg: finishProgramming --
distanceToGo: -49, currentPosition: 49
distanceToGo: -49, currentPosition: 49
distanceToGo: -49, currentPosition: 49
distanceToGo: -49, currentPosition: 49
distanceToGo: -49, currentPosition: 49
distanceToGo: -49, currentPosition: 49
distanceToGo: -49, currentPosition: 49
distanceToGo: -49, currentPosition: 49
distanceToGo: -49, currentPosition: 49
ELSE
distanceToGo: -49, currentPosition: 49
Point A and B are set. Finishing action programming..
distanceToGo: -49, currentPosition: 49
distanceToGo: -49, currentPosition: 49
distanceToGo: -49, currentPosition: 49
distanceToGo: -49, currentPosition: 49
distanceToGo: -49, currentPosition: 49
distanceToGo: -49, currentPosition: 49
distanceToGo: -49, currentPosition: 49
distanceToGo: -49, currentPosition: 49
distanceToGo: -49, currentPosition: 49
>>>>>>>> PhotoTimelapse(initParams) >>>>>>>>
{"cmd":"SET_ACTION_DATA_CMD","data":{"motor":{"direction":"a2b","pa":20,"pb":49},"capture":{"record_duration":3600,"video_duration":30,"fps":24}}}20
49
3600
30
24
720
29
0
>>>>>>>> PhotoTimelapse::init() >>>>>>>>
--- ActionManager: ActiveAction->run() ---
>>>>>>>> State::GOTO_NEXT >>>>>>>>
>>>>>>>> PhotoTimelapse::startCaptureIntervalDelayTimer() >>>>>>>>
>>>>>>>> PhotoTimelapse::gotoNextTargetPosition() >>>>>>>>
>>>>>>>> IMotor_move() >>>>>>>>
>>>>>>>> PhotoTimelapse::changeStateTo() >>>>>>>>
>>>>>>>> MotorManager MOTOR_MOVE_CMD >>>>>>>>
distanceToGo: 99, currentPosition: 50
distanceToGo: 98, currentPosition: 51
distanceToGo: 97, currentPosition: 52
distanceToGo: 96, currentPosition: 53
distanceToGo: 95, currentPosition: 54
distanceToGo: 94, currentPosition: 55
distanceToGo: 93, currentPosition: 56
distanceToGo: 92, currentPosition: 57
distanceToGo: 91, currentPosition: 58
distanceToGo: 90, currentPosition: 59
--- ActionManager: ActiveAction->run() ---
>>>>>>>> State::MOVING_UNTIL_TARGET >>>>>>>>
>>>>>>>> PhotoTimelapse::checkIsTargetReached() >>>>>>>>
>>>>>>>> IMotor_checkMotorSyncNotification() >>>>>>>>
distanceToGo: 89, currentPosition: 60
distanceToGo: 88, currentPosition: 61
distanceToGo: 87, currentPosition: 62
distanceToGo: 86, currentPosition: 63
distanceToGo: 85, currentPosition: 64
distanceToGo: 84, currentPosition: 65
distanceToGo: 83, currentPosition: 66
distanceToGo: 82, currentPosition: 67
distanceToGo: 81, currentPosition: 68
distanceToGo: 80, currentPosition: 69
distanceToGo: 79, currentPosition: 70
distanceToGo: 78, currentPosition: 71
distanceToGo: 77, currentPosition: 72
distanceToGo: 76, currentPosition: 73
distanceToGo: 75, currentPosition: 74
distanceToGo: 74, currentPosition: 75
distanceToGo: 73, currentPosition: 76
distanceToGo: 72, currentPosition: 77
distanceToGo: 71, currentPosition: 78
distanceToGo: 70, currentPosition: 79
distanceToGo: 69, currentPosition: 80
distanceToGo: 68, currentPosition: 81
distanceToGo: 67, currentPosition: 82
distanceToGo: 66, currentPosition: 83
distanceToGo: 65, currentPosition: 84
distanceToGo: 64, currentPosition: 85
distanceToGo: 63, currentPosition: 86
distanceToGo: 62, currentPosition: 87
distanceToGo: 61, currentPosition: 88
distanceToGo: 60, currentPosition: 89
distanceToGo: 59, currentPosition: 90
distanceToGo: 58, currentPosition: 91
distanceToGo: 57, currentPosition: 92
distanceToGo: 56, currentPosition: 93
distanceToGo: 55, currentPosition: 94
distanceToGo: 54, currentPosition: 95
distanceToGo: 53, currentPosition: 96
distanceToGo: 52, currentPosition: 97
distanceToGo: 51, currentPosition: 98
distanceToGo: 50, currentPosition: 99
distanceToGo: 49, currentPosition: 100
distanceToGo: 48, currentPosition: 101
distanceToGo: 47, currentPosition: 102
distanceToGo: 46, currentPosition: 103
distanceToGo: 45, currentPosition: 104
distanceToGo: 44, currentPosition: 105
distanceToGo: 43, currentPosition: 106
distanceToGo: 42, currentPosition: 107
distanceToGo: 41, currentPosition: 108
distanceToGo: 40, currentPosition: 109
distanceToGo: 39, currentPosition: 110
distanceToGo: 38, currentPosition: 111
distanceToGo: 37, currentPosition: 112
distanceToGo: 36, currentPosition: 113
distanceToGo: 35, currentPosition: 114
distanceToGo: 34, currentPosition: 115
distanceToGo: 33, currentPosition: 116
distanceToGo: 32, currentPosition: 117
distanceToGo: 31, currentPosition: 118
distanceToGo: 30, currentPosition: 119
distanceToGo: 29, currentPosition: 120
distanceToGo: 28, currentPosition: 121
distanceToGo: 27, currentPosition: 122
distanceToGo: 26, currentPosition: 123
distanceToGo: 25, currentPosition: 124
distanceToGo: 24, currentPosition: 125
distanceToGo: 23, currentPosition: 126
distanceToGo: 22, currentPosition: 127
distanceToGo: 21, currentPosition: 128
distanceToGo: 20, currentPosition: 129
distanceToGo: 19, currentPosition: 130
distanceToGo: 18, currentPosition: 131
distanceToGo: 17, currentPosition: 132
distanceToGo: 16, currentPosition: 133
distanceToGo: 15, currentPosition: 134
distanceToGo: 14, currentPosition: 135
distanceToGo: 13, currentPosition: 136
distanceToGo: 12, currentPosition: 137
distanceToGo: 11, currentPosition: 138
distanceToGo: 10, currentPosition: 139
distanceToGo: 9, currentPosition: 140
distanceToGo: 8, currentPosition: 141
distanceToGo: 7, currentPosition: 142
distanceToGo: 6, currentPosition: 143
distanceToGo: 5, currentPosition: 144
distanceToGo: 4, currentPosition: 145
distanceToGo: 3, currentPosition: 146
distanceToGo: 2, currentPosition: 147
distanceToGo: 1, currentPosition: 148
distanceToGo: 0, currentPosition: 149
-- DistanceToGo is 0, Notify ActionManager --
--- Notif received by ActionManager::PhotoTimelapse ---
>>>>>>>> PhotoTimelapse::changeStateTo() >>>>>>>>
distanceToGo: 0, currentPosition: 149
distanceToGo: 0, currentPosition: 149
distanceToGo: 0, currentPosition: 149
distanceToGo: 0, currentPosition: 149
distanceToGo: 0, currentPosition: 149
distanceToGo: 0, currentPosition: 149
distanceToGo: 0, currentPosition: 149
distanceToGo: 0, currentPosition: 149
distanceToGo: 0, currentPosition: 149
--- ActionManager: ActiveAction->run() ---
>>>>>>>> State::TARGET_REACHED >>>>>>>>
>>>>>>>> PhotoTimelapse::capturePhoto() >>>>>>>>
>>>>>>>> ICamera_triggerCapture() >>>>>>>>
>>>>>>>> PhotoTimelapse::changeStateTo() >>>>>>>>
--- Notif received by CaptureManager ---
TAKE a CAPTURE
distanceToGo: 0, currentPosition: 149
distanceToGo: 0, currentPosition: 149
distanceToGo: 0, currentPosition: 149
distanceToGo: 0, currentPosition: 149
distanceToGo: 0, currentPosition: 149
distanceToGo: 0, currentPosition: 149
distanceToGo: 0, currentPosition: 149
distanceToGo: 0, currentPosition: 149
distanceToGo: 0, currentPosition: 149
distanceToGo: 0, currentPosition: 149
--- ActionManager: ActiveAction->run() ---
>>>>>>>> State::WAIT_FOR_NEXT >>>>>>>>
>>>>>>>> PhotoTimelapse::checkIsCaptureIntervalDelayFinished() >>>>>>>>
>>>>>>>> CaptureManager::waitTrigger() >>>>>>>>
distanceToGo: 0, currentPosition: 149
distanceToGo: 0, currentPosition: 149
distanceToGo: 0, currentPosition: 149
distanceToGo: 0, currentPosition: 149
distanceToGo: 0, currentPosition: 149
distanceToGo: 0, currentPosition: 149
distanceToGo: 0, currentPosition: 149
distanceToGo: 0, currentPosition: 149
distanceToGo: 0, currentPosition: 149
distanceToGo: 0, currentPosition: 149
--- ActionManager: ActiveAction->run() ---
>>>>>>>> State::WAIT_FOR_NEXT >>>>>>>>
>>>>>>>> PhotoTimelapse::checkIsCaptureIntervalDelayFinished() >>>>>>>>
distanceToGo: 0, currentPosition: 149
distanceToGo: 0, currentPosition: 149
distanceToGo: 0, currentPosition: 149
distanceToGo: 0, currentPosition: 149
distanceToGo: 0, currentPosition: 149
distanceToGo: 0, currentPosition: 149
distanceToGo: 0, currentPosition: 149
distanceToGo: 0, currentPosition: 149
distanceToGo: 0, currentPosition: 149
distanceToGo: 0, currentPosition: 149
--- ActionManager: ActiveAction->run() ---
>>>>>>>> State::WAIT_FOR_NEXT >>>>>>>>
>>>>>>>> PhotoTimelapse::checkIsCaptureIntervalDelayFinished() >>>>>>>>
distanceToGo: 0, currentPosition: 149
distanceToGo: 0, currentPosition: 149
distanceToGo: 0, currentPosition: 149
distanceToGo: 0, currentPosition: 149
distanceToGo: 0, currentPosition: 149
distanceToGo: 0, currentPosition: 149
>>>>>>>> PhotoTimelapse::onCaptureIntervalDelayTimeout() >>>>>>>>
distanceToGo: 0, currentPosition: 149
distanceToGo: 0, currentPosition: 149
distanceToGo: 0, currentPosition: 149
--- ActionManager: ActiveAction->run() ---
>>>>>>>> State::WAIT_FOR_NEXT >>>>>>>>
>>>>>>>> PhotoTimelapse::checkIsCaptureIntervalDelayFinished() >>>>>>>>
>>>>>>>> PhotoTimelapse::changeStateTo() >>>>>>>>
distanceToGo: 0, currentPosition: 149
distanceToGo: 0, currentPosition: 149
distanceToGo: 0, currentPosition: 149
distanceToGo: 0, currentPosition: 149
distanceToGo: 0, currentPosition: 149
distanceToGo: 0, currentPosition: 149
distanceToGo: 0, currentPosition: 149
distanceToGo: 0, currentPosition: 149
distanceToGo: 0, currentPosition: 149
distanceToGo: 0, currentPosition: 149
--- ActionManager: ActiveAction->run() ---
>>>>>>>> State::GOTO_NEXT >>>>>>>>
>>>>>>>> PhotoTimelapse::startCaptureIntervalDelayTimer() >>>>>>>>
>>>>>>>> PhotoTimelapse::gotoNextTargetPosition() >>>>>>>>
>>>>>>>> IMotor_move() >>>>>>>>
>>>>>>>> PhotoTimelapse::changeStateTo() >>>>>>>>
>>>>>>>> MotorManager MOTOR_MOVE_CMD >>>>>>>>
distanceToGo: 99, currentPosition: 150
distanceToGo: 98, currentPosition: 151
distanceToGo: 97, currentPosition: 152
distanceToGo: 96, currentPosition: 153
distanceToGo: 95, currentPosition: 154
distanceToGo: 94, currentPosition: 155
distanceToGo: 93, currentPosition: 156
distanceToGo: 92, currentPosition: 157
distanceToGo: 91, currentPosition: 158
distanceToGo: 90, currentPosition: 159
--- ActionManager: ActiveAction->run() ---
>>>>>>>> State::MOVING_UNTIL_TARGET >>>>>>>>
>>>>>>>> PhotoTimelapse::checkIsTargetReached() >>>>>>>>
>>>>>>>> IMotor_checkMotorSyncNotification() >>>>>>>>
distanceToGo: 89, currentPosition: 160
distanceToGo: 88, currentPosition: 161
distanceToGo: 87, currentPosition: 162
distanceToGo: 86, currentPosition: 163
distanceToGo: 85, currentPosition: 164
distanceToGo: 84, currentPosition: 165
distanceToGo: 83, currentPosition: 166
distanceToGo: 82, currentPosition: 167
distanceToGo: 81, currentPosition: 168
distanceToGo: 80, currentPosition: 169
distanceToGo: 79, currentPosition: 170
distanceToGo: 78, currentPosition: 171
distanceToGo: 77, currentPosition: 172
distanceToGo: 76, currentPosition: 173
distanceToGo: 75, currentPosition: 174
distanceToGo: 74, currentPosition: 175
distanceToGo: 73, currentPosition: 176
distanceToGo: 72, currentPosition: 177
distanceToGo: 71, currentPosition: 178
distanceToGo: 70, currentPosition: 179
distanceToGo: 69, currentPosition: 180
distanceToGo: 68, currentPosition: 181
distanceToGo: 67, currentPosition: 182
distanceToGo: 66, currentPosition: 183
distanceToGo: 65, currentPosition: 184
distanceToGo: 64, currentPosition: 185
distanceToGo: 63, currentPosition: 186
distanceToGo: 62, currentPosition: 187
distanceToGo: 61, currentPosition: 188
distanceToGo: 60, currentPosition: 189
distanceToGo: 59, currentPosition: 190
distanceToGo: 58, currentPosition: 191
distanceToGo: 57, currentPosition: 192
distanceToGo: 56, currentPosition: 193
distanceToGo: 55, currentPosition: 194
distanceToGo: 54, currentPosition: 195
distanceToGo: 53, currentPosition: 196
distanceToGo: 52, currentPosition: 197
distanceToGo: 51, currentPosition: 198
distanceToGo: 50, currentPosition: 199
distanceToGo: 49, currentPosition: 200
distanceToGo: 48, currentPosition: 201
distanceToGo: 47, currentPosition: 202
distanceToGo: 46, currentPosition: 203
distanceToGo: 45, currentPosition: 204
distanceToGo: 44, currentPosition: 205
distanceToGo: 43, currentPosition: 206
distanceToGo: 42, currentPosition: 207
distanceToGo: 41, currentPosition: 208
distanceToGo: 40, currentPosition: 209
distanceToGo: 39, currentPosition: 210
distanceToGo: 38, currentPosition: 211
distanceToGo: 37, currentPosition: 212
distanceToGo: 36, currentPosition: 213
distanceToGo: 35, currentPosition: 214
distanceToGo: 34, currentPosition: 215
distanceToGo: 33, currentPosition: 216
distanceToGo: 32, currentPosition: 217
distanceToGo: 31, currentPosition: 218
distanceToGo: 30, currentPosition: 219
distanceToGo: 29, currentPosition: 220
distanceToGo: 28, currentPosition: 221
distanceToGo: 27, currentPosition: 222
distanceToGo: 26, currentPosition: 223
distanceToGo: 25, currentPosition: 224
distanceToGo: 24, currentPosition: 225
distanceToGo: 23, currentPosition: 226
distanceToGo: 22, currentPosition: 227
distanceToGo: 21, currentPosition: 228
distanceToGo: 20, currentPosition: 229
distanceToGo: 19, currentPosition: 230
distanceToGo: 18, currentPosition: 231
distanceToGo: 17, currentPosition: 232
distanceToGo: 16, currentPosition: 233
distanceToGo: 15, currentPosition: 234
distanceToGo: 14, currentPosition: 235
distanceToGo: 13, currentPosition: 236
distanceToGo: 12, currentPosition: 237
distanceToGo: 11, currentPosition: 238
distanceToGo: 10, currentPosition: 239
distanceToGo: 9, currentPosition: 240
distanceToGo: 8, currentPosition: 241
distanceToGo: 7, currentPosition: 242
distanceToGo: 6, currentPosition: 243
distanceToGo: 5, currentPosition: 244
distanceToGo: 4, currentPosition: 245
distanceToGo: 3, currentPosition: 246
distanceToGo: 2, currentPosition: 247
distanceToGo: 1, currentPosition: 248
distanceToGo: 0, currentPosition: 249
-- DistanceToGo is 0, Notify ActionManager --
--- Notif received by ActionManager::PhotoTimelapse ---
>>>>>>>> PhotoTimelapse::changeStateTo() >>>>>>>>
distanceToGo: 0, currentPosition: 249
distanceToGo: 0, currentPosition: 249
distanceToGo: 0, currentPosition: 249
distanceToGo: 0, currentPosition: 249
distanceToGo: 0, currentPosition: 249
distanceToGo: 0, currentPosition: 249
distanceToGo: 0, currentPosition: 249
distanceToGo: 0, currentPosition: 249
distanceToGo: 0, currentPosition: 249
--- ActionManager: ActiveAction->run() ---
>>>>>>>> State::TARGET_REACHED >>>>>>>>
>>>>>>>> PhotoTimelapse::capturePhoto() >>>>>>>>
>>>>>>>> ICamera_triggerCapture() >>>>>>>>
>>>>>>>> PhotoTimelapse::changeStateTo() >>>>>>>>
--- Notif received by CaptureManager ---
TAKE a CAPTURE
distanceToGo: 0, currentPosition: 249
distanceToGo: 0, currentPosition: 249
distanceToGo: 0, currentPosition: 249
distanceToGo: 0, currentPosition: 249
distanceToGo: 0, currentPosition: 249
distanceToGo: 0, currentPosition: 249
distanceToGo: 0, currentPosition: 249
distanceToGo: 0, currentPosition: 249
distanceToGo: 0, currentPosition: 249
distanceToGo: 0, currentPosition: 249
--- ActionManager: ActiveAction->run() ---
>>>>>>>> State::WAIT_FOR_NEXT >>>>>>>>
>>>>>>>> PhotoTimelapse::checkIsCaptureIntervalDelayFinished() >>>>>>>>
>>>>>>>> CaptureManager::waitTrigger() >>>>>>>>
distanceToGo: 0, currentPosition: 249
distanceToGo: 0, currentPosition: 249
distanceToGo: 0, currentPosition: 249
distanceToGo: 0, currentPosition: 249
distanceToGo: 0, currentPosition: 249
distanceToGo: 0, currentPosition: 249
distanceToGo: 0, currentPosition: 249
distanceToGo: 0, currentPosition: 249
distanceToGo: 0, currentPosition: 249
distanceToGo: 0, currentPosition: 249
--- ActionManager: ActiveAction->run() ---
>>>>>>>> State::WAIT_FOR_NEXT >>>>>>>>
>>>>>>>> PhotoTimelapse::checkIsCaptureIntervalDelayFinished() >>>>>>>>
distanceToGo: 0, currentPosition: 249
distanceToGo: 0, currentPosition: 249
distanceToGo: 0, currentPosition: 249
distanceToGo: 0, currentPosition: 249
distanceToGo: 0, currentPosition: 249
distanceToGo: 0, currentPosition: 249
distanceToGo: 0, currentPosition: 249
distanceToGo: 0, currentPosition: 249
distanceToGo: 0, currentPosition: 249
distanceToGo: 0, currentPosition: 249
--- ActionManager: ActiveAction->run() ---
>>>>>>>> State::WAIT_FOR_NEXT >>>>>>>>
>>>>>>>> PhotoTimelapse::checkIsCaptureIntervalDelayFinished() >>>>>>>>
distanceToGo: 0, currentPosition: 249
distanceToGo: 0, currentPosition: 249
distanceToGo: 0, currentPosition: 249
distanceToGo: 0, currentPosition: 249
distanceToGo: 0, currentPosition: 249
distanceToGo: 0, currentPosition: 249
>>>>>>>> PhotoTimelapse::onCaptureIntervalDelayTimeout() >>>>>>>>
distanceToGo: 0, currentPosition: 249
distanceToGo: 0, currentPosition: 249
distanceToGo: 0, currentPosition: 249
--- ActionManager: ActiveAction->run() ---
>>>>>>>> State::WAIT_FOR_NEXT >>>>>>>>
>>>>>>>> PhotoTimelapse::checkIsCaptureIntervalDelayFinished() >>>>>>>>
>>>>>>>> PhotoTimelapse::changeStateTo() >>>>>>>>
distanceToGo: 0, currentPosition: 249
distanceToGo: 0, currentPosition: 249
distanceToGo: 0, currentPosition: 249
distanceToGo: 0, currentPosition: 249
distanceToGo: 0, currentPosition: 249
distanceToGo: 0, currentPosition: 249
distanceToGo: 0, currentPosition: 249
distanceToGo: 0, currentPosition: 249
distanceToGo: 0, currentPosition: 249
distanceToGo: 0, currentPosition: 249
--- ActionManager: ActiveAction->run() ---
>>>>>>>> State::GOTO_NEXT >>>>>>>>
>>>>>>>> PhotoTimelapse::startCaptureIntervalDelayTimer() >>>>>>>>
>>>>>>>> PhotoTimelapse::gotoNextTargetPosition() >>>>>>>>
>>>>>>>> IMotor_move() >>>>>>>>
>>>>>>>> PhotoTimelapse::changeStateTo() >>>>>>>>
>>>>>>>> MotorManager MOTOR_MOVE_CMD >>>>>>>>
distanceToGo: 99, currentPosition: 250
distanceToGo: 98, currentPosition: 251
distanceToGo: 97, currentPosition: 252
distanceToGo: 96, currentPosition: 253
distanceToGo: 95, currentPosition: 254
distanceToGo: 94, currentPosition: 255
distanceToGo: 93, currentPosition: 256
distanceToGo: 92, currentPosition: 257
distanceToGo: 91, currentPosition: 258
distanceToGo: 90, currentPosition: 259
--- ActionManager: ActiveAction->run() ---
>>>>>>>> State::MOVING_UNTIL_TARGET >>>>>>>>
>>>>>>>> PhotoTimelapse::checkIsTargetReached() >>>>>>>>
>>>>>>>> IMotor_checkMotorSyncNotification() >>>>>>>>
distanceToGo: 89, currentPosition: 260
distanceToGo: 88, currentPosition: 261
distanceToGo: 87, currentPosition: 262
distanceToGo: 86, currentPosition: 263
distanceToGo: 85, currentPosition: 264
distanceToGo: 84, currentPosition: 265
distanceToGo: 83, currentPosition: 266
distanceToGo: 82, currentPosition: 267
distanceToGo: 81, currentPosition: 268
distanceToGo: 80, currentPosition: 269
distanceToGo: 79, currentPosition: 270
distanceToGo: 78, currentPosition: 271
distanceToGo: 77, currentPosition: 272
distanceToGo: 76, currentPosition: 273
distanceToGo: 75, currentPosition: 274
distanceToGo: 74, currentPosition: 275
distanceToGo: 73, currentPosition: 276
distanceToGo: 72, currentPosition: 277
distanceToGo: 71, currentPosition: 278
distanceToGo: 70, currentPosition: 279
distanceToGo: 69, currentPosition: 280
distanceToGo: 68, currentPosition: 281
distanceToGo: 67, currentPosition: 282
distanceToGo: 66, currentPosition: 283
distanceToGo: 65, currentPosition: 284
distanceToGo: 64, currentPosition: 285
distanceToGo: 63, currentPosition: 286
distanceToGo: 62, currentPosition: 287
distanceToGo: 61, currentPosition: 288
distanceToGo: 60, currentPosition: 289
distanceToGo: 59, currentPosition: 290
distanceToGo: 58, currentPosition: 291
distanceToGo: 57, currentPosition: 292
distanceToGo: 56, currentPosition: 293
distanceToGo: 55, currentPosition: 294
distanceToGo: 54, currentPosition: 295
distanceToGo: 53, currentPosition: 296
distanceToGo: 52, currentPosition: 297
distanceToGo: 51, currentPosition: 298
distanceToGo: 50, currentPosition: 299
distanceToGo: 49, currentPosition: 300
distanceToGo: 48, currentPosition: 301
distanceToGo: 47, currentPosition: 302
distanceToGo: 46, currentPosition: 303
distanceToGo: 45, currentPosition: 304
distanceToGo: 44, currentPosition: 305
distanceToGo: 43, currentPosition: 306
distanceToGo: 42, currentPosition: 307
distanceToGo: 41, currentPosition: 308
distanceToGo: 40, currentPosition: 309
distanceToGo: 39, currentPosition: 310
distanceToGo: 38, currentPosition: 311
distanceToGo: 37, currentPosition: 312
distanceToGo: 36, currentPosition: 313
distanceToGo: 35, currentPosition: 314
distanceToGo: 34, currentPosition: 315
distanceToGo: 33, currentPosition: 316
distanceToGo: 32, currentPosition: 317
distanceToGo: 31, currentPosition: 318
distanceToGo: 30, currentPosition: 319
distanceToGo: 29, currentPosition: 320
distanceToGo: 28, currentPosition: 321
distanceToGo: 27, currentPosition: 322
distanceToGo: 26, currentPosition: 323
distanceToGo: 25, currentPosition: 324
distanceToGo: 24, currentPosition: 325
distanceToGo: 23, currentPosition: 326
distanceToGo: 22, currentPosition: 327
distanceToGo: 21, currentPosition: 328
distanceToGo: 20, currentPosition: 329
distanceToGo: 19, currentPosition: 330
distanceToGo: 18, currentPosition: 331
distanceToGo: 17, currentPosition: 332
distanceToGo: 16, currentPosition: 333
distanceToGo: 15, currentPosition: 334
distanceToGo: 14, currentPosition: 335
distanceToGo: 13, currentPosition: 336
distanceToGo: 12, currentPosition: 337
distanceToGo: 11, currentPosition: 338
distanceToGo: 10, currentPosition: 339
distanceToGo: 9, currentPosition: 340
distanceToGo: 8, currentPosition: 341
distanceToGo: 7, currentPosition: 342
distanceToGo: 6, currentPosition: 343
distanceToGo: 5, currentPosition: 344
distanceToGo: 4, currentPosition: 345
distanceToGo: 3, currentPosition: 346
distanceToGo: 2, currentPosition: 347
distanceToGo: 1, currentPosition: 348
distanceToGo: 0, currentPosition: 349
-- DistanceToGo is 0, Notify ActionManager --
--- Notif received by ActionManager::PhotoTimelapse ---
>>>>>>>> PhotoTimelapse::changeStateTo() >>>>>>>>
distanceToGo: 0, currentPosition: 349
distanceToGo: 0, currentPosition: 349
distanceToGo: 0, currentPosition: 349
distanceToGo: 0, currentPosition: 349
distanceToGo: 0, currentPosition: 349
distanceToGo: 0, currentPosition: 349
distanceToGo: 0, currentPosition: 349
distanceToGo: 0, currentPosition: 349
distanceToGo: 0, currentPosition: 349
--- ActionManager: ActiveAction->run() ---
>>>>>>>> State::TARGET_REACHED >>>>>>>>
>>>>>>>> PhotoTimelapse::capturePhoto() >>>>>>>>
>>>>>>>> ICamera_triggerCapture() >>>>>>>>
>>>>>>>> PhotoTimelapse::changeStateTo() >>>>>>>>
--- Notif received by CaptureManager ---
TAKE a CAPTURE
distanceToGo: 0, currentPosition: 349
distanceToGo: 0, currentPosition: 349
distanceToGo: 0, currentPosition: 349
distanceToGo: 0, currentPosition: 349
distanceToGo: 0, currentPosition: 349
distanceToGo: 0, currentPosition: 349
distanceToGo: 0, currentPosition: 349
distanceToGo: 0, currentPosition: 349
distanceToGo: 0, currentPosition: 349
distanceToGo: 0, currentPosition: 349
--- ActionManager: ActiveAction->run() ---
>>>>>>>> State::WAIT_FOR_NEXT >>>>>>>>
>>>>>>>> PhotoTimelapse::checkIsCaptureIntervalDelayFinished() >>>>>>>>
>>>>>>>> CaptureManager::waitTrigger() >>>>>>>>
distanceToGo: 0, currentPosition: 349
distanceToGo: 0, currentPosition: 349
distanceToGo: 0, currentPosition: 349
distanceToGo: 0, currentPosition: 349
distanceToGo: 0, currentPosition: 349
distanceToGo: 0, currentPosition: 349
distanceToGo: 0, currentPosition: 349
distanceToGo: 0, currentPosition: 349
distanceToGo: 0, currentPosition: 349
distanceToGo: 0, currentPosition: 349
--- ActionManager: ActiveAction->run() ---
>>>>>>>> State::WAIT_FOR_NEXT >>>>>>>>
>>>>>>>> PhotoTimelapse::checkIsCaptureIntervalDelayFinished() >>>>>>>>
distanceToGo: 0, currentPosition: 349
distanceToGo: 0, currentPosition: 349
distanceToGo: 0, currentPosition: 349
distanceToGo: 0, currentPosition: 349
distanceToGo: 0, currentPosition: 349
distanceToGo: 0, currentPosition: 349
distanceToGo: 0, currentPosition: 349
distanceToGo: 0, currentPosition: 349
distanceToGo: 0, currentPosition: 349
distanceToGo: 0, currentPosition: 349
--- ActionManager: ActiveAction->run() ---
>>>>>>>> State::WAIT_FOR_NEXT >>>>>>>>
>>>>>>>> PhotoTimelapse::checkIsCaptureIntervalDelayFinished() >>>>>>>>
distanceToGo: 0, currentPosition: 349
distanceToGo: 0, currentPosition: 349
distanceToGo: 0, currentPosition: 349
distanceToGo: 0, currentPosition: 349
distanceToGo: 0, currentPosition: 349
distanceToGo: 0, currentPosition: 349
>>>>>>>> PhotoTimelapse::onCaptureIntervalDelayTimeout() >>>>>>>>
distanceToGo: 0, currentPosition: 349
distanceToGo: 0, currentPosition: 349
distanceToGo: 0, currentPosition: 349
--- ActionManager: ActiveAction->run() ---
>>>>>>>> State::WAIT_FOR_NEXT >>>>>>>>
>>>>>>>> PhotoTimelapse::checkIsCaptureIntervalDelayFinished() >>>>>>>>
>>>>>>>> PhotoTimelapse::changeStateTo() >>>>>>>>
distanceToGo: 0, currentPosition: 349
distanceToGo: 0, currentPosition: 349
distanceToGo: 0, currentPosition: 349
distanceToGo: 0, currentPosition: 349
distanceToGo: 0, currentPosition: 349
distanceToGo: 0, currentPosition: 349
distanceToGo: 0, currentPosition: 349
distanceToGo: 0, currentPosition: 349
distanceToGo: 0, currentPosition: 349
distanceToGo: 0, currentPosition: 349
--- ActionManager: ActiveAction->run() ---
>>>>>>>> State::GOTO_NEXT >>>>>>>>
>>>>>>>> PhotoTimelapse::startCaptureIntervalDelayTimer() >>>>>>>>
>>>>>>>> PhotoTimelapse::gotoNextTargetPosition() >>>>>>>>
>>>>>>>> IMotor_move() >>>>>>>>
>>>>>>>> PhotoTimelapse::changeStateTo() >>>>>>>>
>>>>>>>> MotorManager MOTOR_MOVE_CMD >>>>>>>>
distanceToGo: 99, currentPosition: 350
distanceToGo: 98, currentPosition: 351
distanceToGo: 97, currentPosition: 352
distanceToGo: 96, currentPosition: 353
distanceToGo: 95, currentPosition: 354
distanceToGo: 94, currentPosition: 355
distanceToGo: 93, currentPosition: 356
distanceToGo: 92, currentPosition: 357
distanceToGo: 91, currentPosition: 358
distanceToGo: 90, currentPosition: 359
--- ActionManager: ActiveAction->run() ---
>>>>>>>> State::MOVING_UNTIL_TARGET >>>>>>>>
>>>>>>>> PhotoTimelapse::checkIsTargetReached() >>>>>>>>
>>>>>>>> IMotor_checkMotorSyncNotification() >>>>>>>>
distanceToGo: 89, currentPosition: 360
distanceToGo: 88, currentPosition: 361
distanceToGo: 87, currentPosition: 362
distanceToGo: 86, currentPosition: 363
distanceToGo: 85, currentPosition: 364
distanceToGo: 84, currentPosition: 365
distanceToGo: 83, currentPosition: 366
distanceToGo: 82, currentPosition: 367
distanceToGo: 81, currentPosition: 368
distanceToGo: 80, currentPosition: 369
distanceToGo: 79, currentPosition: 370
distanceToGo: 78, currentPosition: 371
distanceToGo: 77, currentPosition: 372
distanceToGo: 76, currentPosition: 373
distanceToGo: 75, currentPosition: 374
distanceToGo: 74, currentPosition: 375
distanceToGo: 73, currentPosition: 376
distanceToGo: 72, currentPosition: 377
distanceToGo: 71, currentPosition: 378
distanceToGo: 70, currentPosition: 379
distanceToGo: 69, currentPosition: 380
distanceToGo: 68, currentPosition: 381
distanceToGo: 67, currentPosition: 382
distanceToGo: 66, currentPosition: 383
distanceToGo: 65, currentPosition: 384
distanceToGo: 64, currentPosition: 385
distanceToGo: 63, currentPosition: 386
distanceToGo: 62, currentPosition: 387
distanceToGo: 61, currentPosition: 388
distanceToGo: 60, currentPosition: 389
distanceToGo: 59, currentPosition: 390
distanceToGo: 58, currentPosition: 391
distanceToGo: 57, currentPosition: 392
distanceToGo: 56, currentPosition: 393
distanceToGo: 55, currentPosition: 394
distanceToGo: 54, currentPosition: 395
distanceToGo: 53, currentPosition: 396
distanceToGo: 52, currentPosition: 397
distanceToGo: 51, currentPosition: 398
distanceToGo: 50, currentPosition: 399
distanceToGo: 49, currentPosition: 400
distanceToGo: 48, currentPosition: 401
distanceToGo: 47, currentPosition: 402
distanceToGo: 46, currentPosition: 403
distanceToGo: 45, currentPosition: 404
